<?xml version="1.0" encoding="UTF-8"?>
<!-- Generated by org.testng.reporters.JUnitReportReporter -->
<testsuite skipped="0" hostname="Prachi-HP" name="website.FirstcaseTest" tests="2" failures="0" timestamp="09 May 2020 19:34:38 GMT" time="0.007" errors="0">
  <testcase name="testcase1" time="0.006" classname="website.FirstcaseTest"/>
  <testcase name="testcase2" time="0.001" classname="website.FirstcaseTest"/>
</testsuite> <!-- website.FirstcaseTest -->
