<?xml version="1.0" encoding="UTF-8"?>
<!-- Generated by org.testng.reporters.JUnitReportReporter -->
<testsuite skipped="0" hostname="Prachi-HP" name="website.HotelsearchTest" tests="2" failures="0" timestamp="09 May 2020 19:34:38 GMT" time="0.003" errors="0">
  <testcase name="member" time="0.003" classname="website.HotelsearchTest"/>
  <testcase name="hs" time="0.000" classname="website.HotelsearchTest"/>
</testsuite> <!-- website.HotelsearchTest -->
