<?xml version="1.0" encoding="UTF-8"?>
<!-- Generated by org.testng.reporters.JUnitReportReporter -->
<testsuite skipped="0" hostname="Prachi-HP" name="website.firstcasetestTest" tests="2" failures="0" timestamp="07 May 2020 20:56:36 GMT" time="0.027" errors="0">
  <testcase name="testcase1" time="0.023" classname="website.firstcasetestTest"/>
  <testcase name="testcase2" time="0.004" classname="website.firstcasetestTest"/>
</testsuite> <!-- website.firstcasetestTest -->
