<?xml version="1.0" encoding="UTF-8"?>
<!-- Generated by org.testng.reporters.JUnitReportReporter -->
<testsuite skipped="0" hostname="Prachi-HP" name="website.FirstcaseTest" tests="2" failures="0" timestamp="07 May 2020 20:58:06 GMT" time="0.023" errors="0">
  <testcase name="testcase1" time="0.021" classname="website.FirstcaseTest"/>
  <testcase name="testcase2" time="0.002" classname="website.FirstcaseTest"/>
</testsuite> <!-- website.FirstcaseTest -->
