<?xml version="1.0" encoding="UTF-8"?>
<!-- Generated by org.testng.reporters.JUnitReportReporter -->
<testsuite skipped="0" hostname="Prachi-HP" name="website.FlightserachTest" tests="2" failures="0" timestamp="14 May 2020 17:15:14 GMT" time="5.719" errors="0">
  <testcase name="fs" time="5.716" classname="website.FlightserachTest"/>
  <testcase name="ss" time="0.003" classname="website.FlightserachTest"/>
</testsuite> <!-- website.FlightserachTest -->
